0 info it worked if it ends with ok
1 verbose cli [ '/Users/KateWilson/.nvm/versions/node/v4.2.0/bin/node',
1 verbose cli   '/Users/KateWilson/.nvm/versions/node/v4.2.0/bin/npm',
1 verbose cli   'view' ]
2 info using npm@2.14.7
3 info using node@v4.2.0
4 silly mapToRegistry name pioneerproject
5 silly mapToRegistry using default registry
6 silly mapToRegistry registry https://registry.npmjs.org/
7 silly mapToRegistry uri https://registry.npmjs.org/pioneerproject
8 verbose request uri https://registry.npmjs.org/pioneerproject
9 verbose request no auth needed
10 info attempt registry request try #1 at 11:38:40 PM
11 verbose request id 8fbbec5d61904d7a
12 http request GET https://registry.npmjs.org/pioneerproject
13 http 404 https://registry.npmjs.org/pioneerproject
14 verbose headers { 'content-type': 'application/json',
14 verbose headers   'cache-control': 'max-age=0',
14 verbose headers   'content-length': '2',
14 verbose headers   'accept-ranges': 'bytes',
14 verbose headers   date: 'Sat, 16 Jan 2016 04:38:41 GMT',
14 verbose headers   via: '1.1 varnish',
14 verbose headers   age: '0',
14 verbose headers   connection: 'keep-alive',
14 verbose headers   'x-served-by': 'cache-jfk1024-JFK',
14 verbose headers   'x-cache': 'MISS',
14 verbose headers   'x-cache-hits': '0',
14 verbose headers   'x-timer': 'S1452919121.029556,VS0,VE22' }
15 silly get cb [ 404,
15 silly get   { 'content-type': 'application/json',
15 silly get     'cache-control': 'max-age=0',
15 silly get     'content-length': '2',
15 silly get     'accept-ranges': 'bytes',
15 silly get     date: 'Sat, 16 Jan 2016 04:38:41 GMT',
15 silly get     via: '1.1 varnish',
15 silly get     age: '0',
15 silly get     connection: 'keep-alive',
15 silly get     'x-served-by': 'cache-jfk1024-JFK',
15 silly get     'x-cache': 'MISS',
15 silly get     'x-cache-hits': '0',
15 silly get     'x-timer': 'S1452919121.029556,VS0,VE22' } ]
16 verbose stack Error: Registry returned 404 for GET on https://registry.npmjs.org/pioneerproject
16 verbose stack     at makeError (/Users/KateWilson/.nvm/versions/node/v4.2.0/lib/node_modules/npm/node_modules/npm-registry-client/lib/request.js:264:12)
16 verbose stack     at CachingRegistryClient.<anonymous> (/Users/KateWilson/.nvm/versions/node/v4.2.0/lib/node_modules/npm/node_modules/npm-registry-client/lib/request.js:242:14)
16 verbose stack     at Request._callback (/Users/KateWilson/.nvm/versions/node/v4.2.0/lib/node_modules/npm/node_modules/npm-registry-client/lib/request.js:172:14)
16 verbose stack     at Request.self.callback (/Users/KateWilson/.nvm/versions/node/v4.2.0/lib/node_modules/npm/node_modules/request/request.js:198:22)
16 verbose stack     at emitTwo (events.js:87:13)
16 verbose stack     at Request.emit (events.js:172:7)
16 verbose stack     at Request.<anonymous> (/Users/KateWilson/.nvm/versions/node/v4.2.0/lib/node_modules/npm/node_modules/request/request.js:1063:14)
16 verbose stack     at emitOne (events.js:82:20)
16 verbose stack     at Request.emit (events.js:169:7)
16 verbose stack     at IncomingMessage.<anonymous> (/Users/KateWilson/.nvm/versions/node/v4.2.0/lib/node_modules/npm/node_modules/request/request.js:1009:12)
17 verbose statusCode 404
18 verbose pkgid pioneerproject
19 verbose cwd /Users/KateWilson/kate-website/pioneerProject
20 error Darwin 15.0.0
21 error argv "/Users/KateWilson/.nvm/versions/node/v4.2.0/bin/node" "/Users/KateWilson/.nvm/versions/node/v4.2.0/bin/npm" "view"
22 error node v4.2.0
23 error npm  v2.14.7
24 error code E404
25 error 404 Registry returned 404 for GET on https://registry.npmjs.org/pioneerproject
25 error 404
25 error 404 'pioneerproject' is not in the npm registry.
25 error 404 You should bug the author to publish it (or use the name yourself!)
25 error 404
25 error 404 Note that you can also install from a
25 error 404 tarball, folder, http url, or git url.
26 verbose exit [ 1, true ]
